Using pre-set license
Built from '2020.2/staging' branch; Version is '2020.2.5f1 (e2c53f129de5) revision 14861631'; Using compiler version '192528614'; Build Type 'Release'
OS: 'Windows 10 Enterprise; OS build 18363.1379; Version 1909; 64bit' Language: 'en' Physical Memory: 16263 MB
BatchMode: 1, IsHumanControllingUs: 0, StartBugReporterOnCrash: 0, Is64bit: 1, IsPro: 0

 COMMAND LINE ARGUMENTS:
C:\Program Files\Unity\2020.2.5f1\Editor\Unity.exe
-adb2
-batchMode
-noUpm
-name
AssetImportWorker0
-projectPath
C:/Users/206568245/Projects/Unity Workspace/Project Boost
-logFile
Logs/AssetImportWorker0.log
-srvPort
50435
Successfully changed project path to: C:/Users/206568245/Projects/Unity Workspace/Project Boost
C:/Users/206568245/Projects/Unity Workspace/Project Boost
Using Asset Import Pipeline V2.
Refreshing native plugins compatible for Editor in 30.93 ms, found 0 plugins.
Preloading 0 native plugins for Editor in 0.00 ms.
Initialize engine version: 2020.2.5f1 (e2c53f129de5)
[Subsystems] Discovering subsystems at path C:/Program Files/Unity/2020.2.5f1/Editor/Data/Resources/UnitySubsystems
[Subsystems] Discovering subsystems at path C:/Users/206568245/Projects/Unity Workspace/Project Boost/Assets
GfxDevice: creating device client; threaded=0
Direct3D:
    Version:  Direct3D 11.0 [level 11.1]
    Renderer: Intel(R) UHD Graphics 620 (ID=0x5917)
    Vendor:   
    VRAM:     8131 MB
    Driver:   26.20.100.8142
Initialize mono
Mono path[0] = 'C:/Program Files/Unity/2020.2.5f1/Editor/Data/Managed'
Mono path[1] = 'C:/Program Files/Unity/2020.2.5f1/Editor/Data/MonoBleedingEdge/lib/mono/unityjit'
Mono config path = 'C:/Program Files/Unity/2020.2.5f1/Editor/Data/MonoBleedingEdge/etc'
Using monoOptions --debugger-agent=transport=dt_socket,embedding=1,server=y,suspend=n,address=127.0.0.1:56960
Begin MonoManager ReloadAssembly
Registering precompiled unity dll's ...
Register platform support module: C:/Program Files/Unity/2020.2.5f1/Editor/Data/PlaybackEngines/WebGLSupport/UnityEditor.WebGL.Extensions.dll
Register platform support module: C:/Program Files/Unity/2020.2.5f1/Editor/Data/PlaybackEngines/WindowsStandaloneSupport/UnityEditor.WindowsStandalone.Extensions.dll
Registered in 0.003447 seconds.
Native extension for WindowsStandalone target not found
Native extension for WebGL target not found
Refreshing native plugins compatible for Editor in 28.97 ms, found 0 plugins.
Preloading 0 native plugins for Editor in 0.00 ms.
Invoked RoslynAnalysisRunner static constructor.
RoslynAnalysisRunner will not be running.
RoslynAnalysisRunner has terminated.
Mono: successfully reloaded assembly
- Completed reload, in  1.996 seconds
Platform modules already initialized, skipping
Registering precompiled user dll's ...
Registered in 0.001121 seconds.
Begin MonoManager ReloadAssembly
Native extension for WindowsStandalone target not found
Native extension for WebGL target not found
Refreshing native plugins compatible for Editor in 0.22 ms, found 0 plugins.
Preloading 0 native plugins for Editor in 0.00 ms.
Invoked RoslynAnalysisRunner static constructor.
RoslynAnalysisRunner will not be running.
RoslynAnalysisRunner has terminated.
Mono: successfully reloaded assembly
- Completed reload, in  1.087 seconds
Platform modules already initialized, skipping
========================================================================
Worker process is ready to serve import requests
Launched and connected shader compiler UnityShaderCompiler.exe after 0.10 seconds
Refreshing native plugins compatible for Editor in 0.22 ms, found 0 plugins.
Preloading 0 native plugins for Editor in 0.00 ms.
Unloading 1080 Unused Serialized files (Serialized files now loaded: 0)
System memory in use before: 55.9 MB.
System memory in use after: 56.0 MB.

Unloading 9 unused Assets to reduce memory usage. Loaded Objects now: 1522.
Total: 2.062900 ms (FindLiveObjects: 0.139300 ms CreateObjectMapping: 0.056300 ms MarkObjects: 1.789200 ms  DeleteObjects: 0.076700 ms)

========================================================================
Received Import Request.
  path: Assets/Materials/Obstacle.mat
  artifactKey: Guid(88f1f3c582e65b34ab68e8a6045b71f4) Importer(815301076,1909f56bfc062723c751e8b465ee728b)
Start importing Assets/Materials/Obstacle.mat using Guid(88f1f3c582e65b34ab68e8a6045b71f4) Importer(815301076,1909f56bfc062723c751e8b465ee728b)  -> (artifact id: 'bd05d55cbf8a6ae22019b86e13a43188') in 0.194222 seconds
  Import took 0.197778 seconds .

========================================================================
Received Import Request.
  Time since last request: 49.872369 seconds.
  path: Assets/Prefabs/Obstacle.prefab
  artifactKey: Guid(15f6b20af0958d543aab142b203f9058) Importer(815301076,1909f56bfc062723c751e8b465ee728b)
Start importing Assets/Prefabs/Obstacle.prefab using Guid(15f6b20af0958d543aab142b203f9058) Importer(815301076,1909f56bfc062723c751e8b465ee728b)  -> (artifact id: '88a0450c4885d6e14f6c3a2b6ed1b8ab') in 0.027768 seconds
  Import took 0.030551 seconds .

========================================================================
Received Import Request.
  Time since last request: 0.012837 seconds.
  path: Assets/Prefabs/Obstacle.prefab
  artifactKey: Guid(15f6b20af0958d543aab142b203f9058) Importer(815301076,1909f56bfc062723c751e8b465ee728b)
Start importing Assets/Prefabs/Obstacle.prefab using Guid(15f6b20af0958d543aab142b203f9058) Importer(815301076,1909f56bfc062723c751e8b465ee728b)  -> (artifact id: '88a0450c4885d6e14f6c3a2b6ed1b8ab') in 0.019609 seconds
  Import took 0.021818 seconds .

========================================================================
Received Prepare
Registering precompiled user dll's ...
Registered in 0.001362 seconds.
Begin MonoManager ReloadAssembly
Native extension for WindowsStandalone target not found
Native extension for WebGL target not found
Refreshing native plugins compatible for Editor in 0.23 ms, found 0 plugins.
Preloading 0 native plugins for Editor in 0.00 ms.
Invoked RoslynAnalysisRunner static constructor.
RoslynAnalysisRunner will not be running.
RoslynAnalysisRunner has terminated.
Mono: successfully reloaded assembly
- Completed reload, in  1.177 seconds
Platform modules already initialized, skipping
Refreshing native plugins compatible for Editor in 0.22 ms, found 0 plugins.
Preloading 0 native plugins for Editor in 0.00 ms.
Unloading 1074 Unused Serialized files (Serialized files now loaded: 0)
System memory in use before: 59.1 MB.
System memory in use after: 59.2 MB.

Unloading 4 unused Assets to reduce memory usage. Loaded Objects now: 1565.
Total: 3.767900 ms (FindLiveObjects: 0.174600 ms CreateObjectMapping: 0.044200 ms MarkObjects: 3.525000 ms  DeleteObjects: 0.021200 ms)

========================================================================
Received Import Request.
  Time since last request: 405.906260 seconds.
  path: Assets/Scripts/Movement.cs
  artifactKey: Guid(ac73297ebb42f3247862a78611411b72) Importer(815301076,1909f56bfc062723c751e8b465ee728b)
Start importing Assets/Scripts/Movement.cs using Guid(ac73297ebb42f3247862a78611411b72) Importer(815301076,1909f56bfc062723c751e8b465ee728b)  -> (artifact id: 'd6915c71aefd8bbdb669302ce9538025') in 0.026233 seconds
  Import took 0.029314 seconds .

========================================================================
Received Prepare
Registering precompiled user dll's ...
Registered in 0.001071 seconds.
Begin MonoManager ReloadAssembly
Native extension for WindowsStandalone target not found
Native extension for WebGL target not found
Refreshing native plugins compatible for Editor in 0.21 ms, found 0 plugins.
Preloading 0 native plugins for Editor in 0.00 ms.
Invoked RoslynAnalysisRunner static constructor.
RoslynAnalysisRunner will not be running.
RoslynAnalysisRunner has terminated.
Mono: successfully reloaded assembly
- Completed reload, in  0.967 seconds
Platform modules already initialized, skipping
Refreshing native plugins compatible for Editor in 0.20 ms, found 0 plugins.
Preloading 0 native plugins for Editor in 0.00 ms.
Unloading 1074 Unused Serialized files (Serialized files now loaded: 0)
System memory in use before: 59.1 MB.
System memory in use after: 59.2 MB.

Unloading 4 unused Assets to reduce memory usage. Loaded Objects now: 1567.
Total: 1.913600 ms (FindLiveObjects: 0.146000 ms CreateObjectMapping: 0.033800 ms MarkObjects: 1.715900 ms  DeleteObjects: 0.016700 ms)

========================================================================
Received Import Request.
  Time since last request: 23.228742 seconds.
  path: Assets/Scripts/Movement.cs
  artifactKey: Guid(ac73297ebb42f3247862a78611411b72) Importer(815301076,1909f56bfc062723c751e8b465ee728b)
Start importing Assets/Scripts/Movement.cs using Guid(ac73297ebb42f3247862a78611411b72) Importer(815301076,1909f56bfc062723c751e8b465ee728b)  -> (artifact id: '392cc6f31d29c94e55def11e85fe2915') in 0.004818 seconds
  Import took 0.006831 seconds .

========================================================================
Received Prepare
Registering precompiled user dll's ...
Registered in 0.002341 seconds.
Begin MonoManager ReloadAssembly
Native extension for WindowsStandalone target not found
Native extension for WebGL target not found
Refreshing native plugins compatible for Editor in 0.19 ms, found 0 plugins.
Preloading 0 native plugins for Editor in 0.00 ms.
Invoked RoslynAnalysisRunner static constructor.
RoslynAnalysisRunner will not be running.
RoslynAnalysisRunner has terminated.
Mono: successfully reloaded assembly
- Completed reload, in  0.828 seconds
Platform modules already initialized, skipping
Refreshing native plugins compatible for Editor in 0.18 ms, found 0 plugins.
Preloading 0 native plugins for Editor in 0.00 ms.
Unloading 1074 Unused Serialized files (Serialized files now loaded: 0)
System memory in use before: 59.1 MB.
System memory in use after: 59.2 MB.

Unloading 4 unused Assets to reduce memory usage. Loaded Objects now: 1569.
Total: 2.951200 ms (FindLiveObjects: 0.223500 ms CreateObjectMapping: 0.027400 ms MarkObjects: 2.650100 ms  DeleteObjects: 0.049000 ms)

========================================================================
Received Prepare
Registering precompiled user dll's ...
Registered in 0.001634 seconds.
Begin MonoManager ReloadAssembly
Native extension for WindowsStandalone target not found
Native extension for WebGL target not found
Refreshing native plugins compatible for Editor in 0.23 ms, found 0 plugins.
Preloading 0 native plugins for Editor in 0.00 ms.
Invalid AssetDatabase path: /Editor/EditorResources/cm_logo_sm.png. Use path relative to the project folder.
UnityEngine.StackTraceUtility:ExtractStackTrace ()
UnityEditor.AssetDatabase:LoadAssetAtPath<UnityEngine.Texture2D> (string)
Cinemachine.Editor.CinemachineSettings:get_CinemachineLogoTexture () (at Library/PackageCache/com.unity.cinemachine@2.6.3/Editor/Windows/CinemachineSettings.cs:205)
Cinemachine.Editor.CinemachineSettings:.cctor () (at Library/PackageCache/com.unity.cinemachine@2.6.3/Editor/Windows/CinemachineSettings.cs:237)
Cinemachine.CinemachineColliderPrefs:.cctor () (at Library/PackageCache/com.unity.cinemachine@2.6.3/Editor/Windows/CinemachineColliderPrefs.cs:61)
System.Runtime.CompilerServices.RuntimeHelpers:RunClassConstructor (System.RuntimeTypeHandle)
UnityEditor.EditorAssemblies:ProcessInitializeOnLoadAttributes (System.Type[])

[Library/PackageCache/com.unity.cinemachine@2.6.3/Editor/Windows/CinemachineSettings.cs line 205]

Invoked RoslynAnalysisRunner static constructor.
RoslynAnalysisRunner will not be running.
RoslynAnalysisRunner has terminated.
Mono: successfully reloaded assembly
- Completed reload, in  0.848 seconds
Platform modules already initialized, skipping
Refreshing native plugins compatible for Editor in 0.22 ms, found 0 plugins.
Preloading 0 native plugins for Editor in 0.00 ms.
Unloading 1220 Unused Serialized files (Serialized files now loaded: 0)
System memory in use before: 64.0 MB.
System memory in use after: 64.1 MB.

Unloading 5 unused Assets to reduce memory usage. Loaded Objects now: 1716.
Total: 2.127200 ms (FindLiveObjects: 0.220500 ms CreateObjectMapping: 0.057300 ms MarkObjects: 1.790600 ms  DeleteObjects: 0.056500 ms)

========================================================================
Received Import Request.
  Time since last request: 495.835686 seconds.
  path: Packages/com.unity.cinemachine
  artifactKey: Guid(c19eb9a4b328654bd4ca551e1c34b76c) Importer(815301076,1909f56bfc062723c751e8b465ee728b)
Start importing Packages/com.unity.cinemachine using Guid(c19eb9a4b328654bd4ca551e1c34b76c) Importer(815301076,1909f56bfc062723c751e8b465ee728b)  -> (artifact id: 'ec77335cd1414d841be37bff3b47ccfe') in 0.004888 seconds
  Import took 0.006683 seconds .

========================================================================
Received Import Request.
  Time since last request: 0.002295 seconds.
  path: Packages/com.unity.cinemachine
  artifactKey: Guid(c19eb9a4b328654bd4ca551e1c34b76c) Importer(815301076,1909f56bfc062723c751e8b465ee728b)
Start importing Packages/com.unity.cinemachine using Guid(c19eb9a4b328654bd4ca551e1c34b76c) Importer(815301076,1909f56bfc062723c751e8b465ee728b)  -> (artifact id: 'ec77335cd1414d841be37bff3b47ccfe') in 0.005591 seconds
  Import took 0.008595 seconds .

========================================================================
Received Import Request.
  Time since last request: 0.053003 seconds.
  path: Packages/com.unity.cinemachine/package.json
  artifactKey: Guid(7d93e7b7399fbe64790358e67fc94b18) Importer(815301076,1909f56bfc062723c751e8b465ee728b)
Start importing Packages/com.unity.cinemachine/package.json using Guid(7d93e7b7399fbe64790358e67fc94b18) Importer(815301076,1909f56bfc062723c751e8b465ee728b)  -> (artifact id: '77957f08928f1eb83cb02c23d85a6089') in 0.015488 seconds
  Import took 0.018495 seconds .

========================================================================
Received Import Request.
  Time since last request: 545.645785 seconds.
  path: Assets/SFX - Main engine thrust.ogg
  artifactKey: Guid(8d786192345935b4e86dec574519c4c9) Importer(815301076,1909f56bfc062723c751e8b465ee728b)
Start importing Assets/SFX - Main engine thrust.ogg using Guid(8d786192345935b4e86dec574519c4c9) Importer(815301076,1909f56bfc062723c751e8b465ee728b)  -> (artifact id: '004757247812160d6c27bac0c1a993be') in 0.265906 seconds
  Import took 0.269254 seconds .

